Using pre-set license
Built from '2020.3/staging' branch; Version is '2020.3.9f1 (108be757e447) revision 1084391'; Using compiler version '192528614'; Build Type 'Release'
OS: 'Windows 10 Enterprise; OS build 19042.1237; Version 2009; 64bit' Language: 'en' Physical Memory: 32596 MB
BatchMode: 1, IsHumanControllingUs: 0, StartBugReporterOnCrash: 0, Is64bit: 1, IsPro: 0

 COMMAND LINE ARGUMENTS:
C:\Program Files\Unity\Hub\Editor\2020.3.9f1\Editor\Unity.exe
-adb2
-batchMode
-noUpm
-name
AssetImportWorker0
-projectPath
C:/Users/s0537273/Desktop/SS Andbox
-logFile
Logs/AssetImportWorker0.log
-srvPort
63399
Successfully changed project path to: C:/Users/s0537273/Desktop/SS Andbox
C:/Users/s0537273/Desktop/SS Andbox
Using Asset Import Pipeline V2.
Refreshing native plugins compatible for Editor in 18.53 ms, found 0 plugins.
Preloading 0 native plugins for Editor in 0.00 ms.
Initialize engine version: 2020.3.9f1 (108be757e447)
[Subsystems] Discovering subsystems at path C:/Program Files/Unity/Hub/Editor/2020.3.9f1/Editor/Data/Resources/UnitySubsystems
[Subsystems] Discovering subsystems at path C:/Users/s0537273/Desktop/SS Andbox/Assets
GfxDevice: creating device client; threaded=0
Direct3D:
    Version:  Direct3D 11.0 [level 11.1]
    Renderer: NVIDIA GeForce RTX 2080 SUPER (ID=0x1e81)
    Vendor:   
    VRAM:     8010 MB
    Driver:   27.21.14.6137
Initialize mono
Mono path[0] = 'C:/Program Files/Unity/Hub/Editor/2020.3.9f1/Editor/Data/Managed'
Mono path[1] = 'C:/Program Files/Unity/Hub/Editor/2020.3.9f1/Editor/Data/MonoBleedingEdge/lib/mono/unityjit'
Mono config path = 'C:/Program Files/Unity/Hub/Editor/2020.3.9f1/Editor/Data/MonoBleedingEdge/etc'
Using monoOptions --debugger-agent=transport=dt_socket,embedding=1,server=y,suspend=n,address=127.0.0.1:56388
Begin MonoManager ReloadAssembly
Registering precompiled unity dll's ...
Register platform support module: C:/Program Files/Unity/Hub/Editor/2020.3.9f1/Editor/Data/PlaybackEngines/WindowsStandaloneSupport/UnityEditor.WindowsStandalone.Extensions.dll
Registered in 0.002245 seconds.
Native extension for WindowsStandalone target not found
Refreshing native plugins compatible for Editor in 19.04 ms, found 0 plugins.
Preloading 0 native plugins for Editor in 0.00 ms.
Mono: successfully reloaded assembly
- Completed reload, in  2.506 seconds
Platform modules already initialized, skipping
Registering precompiled user dll's ...
Registered in 0.000770 seconds.
Begin MonoManager ReloadAssembly
Native extension for WindowsStandalone target not found
Refreshing native plugins compatible for Editor in 0.19 ms, found 0 plugins.
Preloading 0 native plugins for Editor in 0.00 ms.
Mono: successfully reloaded assembly
- Completed reload, in  0.671 seconds
Platform modules already initialized, skipping
========================================================================
Worker process is ready to serve import requests
Launched and connected shader compiler UnityShaderCompiler.exe after 0.05 seconds
Refreshing native plugins compatible for Editor in 0.32 ms, found 0 plugins.
Preloading 0 native plugins for Editor in 0.00 ms.
Unloading 1115 Unused Serialized files (Serialized files now loaded: 0)
System memory in use before: 57.1 MB.
System memory in use after: 57.1 MB.

Unloading 10 unused Assets to reduce memory usage. Loaded Objects now: 1557.
Total: 1.279700 ms (FindLiveObjects: 0.088800 ms CreateObjectMapping: 0.022600 ms MarkObjects: 1.116800 ms  DeleteObjects: 0.050800 ms)

========================================================================
Received Import Request.
  path: Assets/Audio
  artifactKey: Guid(c74bd02a85868334fa850cd971f82a4d) Importer(815301076,1909f56bfc062723c751e8b465ee728b)
Start importing Assets/Audio using Guid(c74bd02a85868334fa850cd971f82a4d) Importer(815301076,1909f56bfc062723c751e8b465ee728b)  -> (artifact id: '85fb6db62d0d54f42143044d6eff90a3') in 0.008942 seconds
  Import took 0.011986 seconds .

========================================================================
Received Import Request.
  Time since last request: 3.795252 seconds.
  path: Assets/Prefabs
  artifactKey: Guid(7ba5ad0ab9360304f8476cdc1b1c33bb) Importer(815301076,1909f56bfc062723c751e8b465ee728b)
Start importing Assets/Prefabs using Guid(7ba5ad0ab9360304f8476cdc1b1c33bb) Importer(815301076,1909f56bfc062723c751e8b465ee728b)  -> (artifact id: 'e14afb873bb0d72bcdfebed68ba63eb8') in 0.009113 seconds
  Import took 0.012847 seconds .

========================================================================
Received Import Request.
  Time since last request: 70.866263 seconds.
  path: Assets/Audio/20191006_sfx-error-bleep.wav
  artifactKey: Guid(191656eb2085ef340b16edabe9673b57) Importer(815301076,1909f56bfc062723c751e8b465ee728b)
Start importing Assets/Audio/20191006_sfx-error-bleep.wav using Guid(191656eb2085ef340b16edabe9673b57) Importer(815301076,1909f56bfc062723c751e8b465ee728b)  -> (artifact id: '39de65277b31fb4b6e98bc4681c96362') in 0.083087 seconds
  Import took 0.086941 seconds .

========================================================================
Received Import Request.
  Time since last request: 0.000842 seconds.
  path: Assets/Audio/20191006_sfx-mariocoin_001.wav
  artifactKey: Guid(e49f860bd3c83c54293c5683459d92f1) Importer(815301076,1909f56bfc062723c751e8b465ee728b)
Start importing Assets/Audio/20191006_sfx-mariocoin_001.wav using Guid(e49f860bd3c83c54293c5683459d92f1) Importer(815301076,1909f56bfc062723c751e8b465ee728b)  -> (artifact id: 'd4b199613e41e9676a4c81e0c24f60e5') in 0.016631 seconds
  Import took 0.019599 seconds .

========================================================================
Received Import Request.
  Time since last request: 0.000928 seconds.
  path: Assets/Audio/20191104_sfx-tinitus.wav
  artifactKey: Guid(896fad37cdc5783449b5073daf5dda16) Importer(815301076,1909f56bfc062723c751e8b465ee728b)
Start importing Assets/Audio/20191104_sfx-tinitus.wav using Guid(896fad37cdc5783449b5073daf5dda16) Importer(815301076,1909f56bfc062723c751e8b465ee728b)  -> (artifact id: 'e826d405b027785d3ad02a378e25402f') in 0.018292 seconds
  Import took 0.021179 seconds .

========================================================================
Received Import Request.
  Time since last request: 0.000711 seconds.
  path: Assets/Audio/growl.wav
  artifactKey: Guid(61e5b4bc02fa3b94a80c4e8108fc411d) Importer(815301076,1909f56bfc062723c751e8b465ee728b)
Start importing Assets/Audio/growl.wav using Guid(61e5b4bc02fa3b94a80c4e8108fc411d) Importer(815301076,1909f56bfc062723c751e8b465ee728b)  -> (artifact id: 'f2eef4b2974378a9429aed662978aa26') in 0.014887 seconds
  Import took 0.017863 seconds .

========================================================================
Received Import Request.
  Time since last request: 0.000766 seconds.
  path: Assets/Audio/pipe_hum_01.wav
  artifactKey: Guid(3838a2b020d21484185a58f5f2f72123) Importer(815301076,1909f56bfc062723c751e8b465ee728b)
Start importing Assets/Audio/pipe_hum_01.wav using Guid(3838a2b020d21484185a58f5f2f72123) Importer(815301076,1909f56bfc062723c751e8b465ee728b)  -> (artifact id: 'efc41a728822b6bed3fd6d849ed1db33') in 0.015935 seconds
  Import took 0.018068 seconds .

========================================================================
Received Import Request.
  Time since last request: 0.000659 seconds.
  path: Assets/Audio/hvac_hum.wav
  artifactKey: Guid(1c9e43af2c8dfa34bb11ccb531f0f8e8) Importer(815301076,1909f56bfc062723c751e8b465ee728b)
Start importing Assets/Audio/hvac_hum.wav using Guid(1c9e43af2c8dfa34bb11ccb531f0f8e8) Importer(815301076,1909f56bfc062723c751e8b465ee728b)  -> (artifact id: '3f1d1de23036d6ca19c0255a6c5fdaac') in 0.017156 seconds
  Import took 0.019458 seconds .

========================================================================
Received Import Request.
  Time since last request: 0.000790 seconds.
  path: Assets/Audio/20191104_sfx-flashbang.wav
  artifactKey: Guid(82e8a9b99a98cdf4b99fc7cd2aba683c) Importer(815301076,1909f56bfc062723c751e8b465ee728b)
Start importing Assets/Audio/20191104_sfx-flashbang.wav using Guid(82e8a9b99a98cdf4b99fc7cd2aba683c) Importer(815301076,1909f56bfc062723c751e8b465ee728b)  -> (artifact id: '744dcdbf5f7944dc8011d9ecc21f8d71') in 0.015905 seconds
  Import took 0.018406 seconds .

========================================================================
Received Import Request.
  Time since last request: 0.000223 seconds.
  path: Assets/Audio/20191104_sfx-lmg.wav
  artifactKey: Guid(751d074a4285250418fd0ca6eb4653ef) Importer(815301076,1909f56bfc062723c751e8b465ee728b)
Start importing Assets/Audio/20191104_sfx-lmg.wav using Guid(751d074a4285250418fd0ca6eb4653ef) Importer(815301076,1909f56bfc062723c751e8b465ee728b)  -> (artifact id: '6da5d84da55231a632c0fcf80a02e812') in 0.014456 seconds
  Import took 0.017631 seconds .

========================================================================
Received Import Request.
  Time since last request: 0.000381 seconds.
  path: Assets/Audio/20191006_sfx-mariocoin_002.wav
  artifactKey: Guid(f62d0ba774e7e8b49bd18aae4c04cf5a) Importer(815301076,1909f56bfc062723c751e8b465ee728b)
Start importing Assets/Audio/20191006_sfx-mariocoin_002.wav using Guid(f62d0ba774e7e8b49bd18aae4c04cf5a) Importer(815301076,1909f56bfc062723c751e8b465ee728b)  -> (artifact id: '92aee35f4ff92e6883fa4e72a6de347e') in 0.012831 seconds
  Import took 0.015119 seconds .

========================================================================
Received Import Request.
  Time since last request: 0.521617 seconds.
  path: Assets/Audio/server_fan_01.wav
  artifactKey: Guid(6923e22d73918034a9a799152646295b) Importer(815301076,1909f56bfc062723c751e8b465ee728b)
Start importing Assets/Audio/server_fan_01.wav using Guid(6923e22d73918034a9a799152646295b) Importer(815301076,1909f56bfc062723c751e8b465ee728b)  -> (artifact id: 'e8ee8625aed30f70431e1eb27cb7330d') in 0.012470 seconds
  Import took 0.015315 seconds .

========================================================================
Received Import Request.
  Time since last request: 0.030455 seconds.
  path: Assets/Audio/song_mono.wav
  artifactKey: Guid(f61f7fd02f0a39c49a8fcc1cdca2cb6f) Importer(815301076,1909f56bfc062723c751e8b465ee728b)
Start importing Assets/Audio/song_mono.wav using Guid(f61f7fd02f0a39c49a8fcc1cdca2cb6f) Importer(815301076,1909f56bfc062723c751e8b465ee728b)  -> (artifact id: 'd894cc7b3752929b0f15c7ab14752bdf') in 0.011322 seconds
  Import took 0.014083 seconds .

========================================================================
Received Import Request.
  Time since last request: 0.018618 seconds.
  path: Assets/Audio/the-descent-by-kevin-macleod.mp3
  artifactKey: Guid(39a167062522d39408ee93cdd8e00ab3) Importer(815301076,1909f56bfc062723c751e8b465ee728b)
Start importing Assets/Audio/the-descent-by-kevin-macleod.mp3 using Guid(39a167062522d39408ee93cdd8e00ab3) Importer(815301076,1909f56bfc062723c751e8b465ee728b)  -> (artifact id: 'a682123e77241bf295558d4842310442') in 0.012815 seconds
  Import took 0.015758 seconds .

========================================================================
Received Import Request.
  Time since last request: 0.310792 seconds.
  path: Assets/Audio/vent_fan.wav
  artifactKey: Guid(9adf75b7f9d60724fa97f128c0e9bf95) Importer(815301076,1909f56bfc062723c751e8b465ee728b)
Start importing Assets/Audio/vent_fan.wav using Guid(9adf75b7f9d60724fa97f128c0e9bf95) Importer(815301076,1909f56bfc062723c751e8b465ee728b)  -> (artifact id: '2e43bd8396f01101a682c4b64d199b32') in 0.011461 seconds
  Import took 0.014540 seconds .

========================================================================
Received Import Request.
  Time since last request: 0.000414 seconds.
  path: Assets/Audio/vent_fan_01.wav
  artifactKey: Guid(906b8a3928cbb5948bfc069a17b74321) Importer(815301076,1909f56bfc062723c751e8b465ee728b)
Start importing Assets/Audio/vent_fan_01.wav using Guid(906b8a3928cbb5948bfc069a17b74321) Importer(815301076,1909f56bfc062723c751e8b465ee728b)  -> (artifact id: '16c99c8f9aa2ca7cdeeea2986c3b1d7c') in 0.012135 seconds
  Import took 0.014777 seconds .

========================================================================
Received Prepare
Registering precompiled user dll's ...
Registered in 0.000713 seconds.
Begin MonoManager ReloadAssembly
Native extension for WindowsStandalone target not found
Refreshing native plugins compatible for Editor in 0.18 ms, found 0 plugins.
Preloading 0 native plugins for Editor in 0.00 ms.
Mono: successfully reloaded assembly
- Completed reload, in  0.657 seconds
Platform modules already initialized, skipping
Refreshing native plugins compatible for Editor in 0.17 ms, found 0 plugins.
Preloading 0 native plugins for Editor in 0.00 ms.
Unloading 1110 Unused Serialized files (Serialized files now loaded: 0)
System memory in use before: 60.1 MB.
System memory in use after: 60.2 MB.

Unloading 5 unused Assets to reduce memory usage. Loaded Objects now: 1569.
Total: 1.189300 ms (FindLiveObjects: 0.095500 ms CreateObjectMapping: 0.026000 ms MarkObjects: 1.034100 ms  DeleteObjects: 0.033000 ms)

========================================================================
Received Import Request.
  Time since last request: 133.993489 seconds.
  path: Assets/Prefabs/Beep.prefab
  artifactKey: Guid(4e1457b50fe2f224f9d56d129b3afa8e) Importer(815301076,1909f56bfc062723c751e8b465ee728b)
Start importing Assets/Prefabs/Beep.prefab using Guid(4e1457b50fe2f224f9d56d129b3afa8e) Importer(815301076,1909f56bfc062723c751e8b465ee728b)  -> (artifact id: '0d93a811274979997709edc6460d4889') in 0.054026 seconds
  Import took 0.056218 seconds .

========================================================================
Received Import Request.
  Time since last request: 2.837423 seconds.
  path: Assets/Prefabs/Beep (1).prefab
  artifactKey: Guid(47e7d995159e0bd4d83ea457612d38b8) Importer(815301076,1909f56bfc062723c751e8b465ee728b)
Start importing Assets/Prefabs/Beep (1).prefab using Guid(47e7d995159e0bd4d83ea457612d38b8) Importer(815301076,1909f56bfc062723c751e8b465ee728b)  -> (artifact id: '4ab79af31d9f2618afb6ea120b726654') in 0.013683 seconds
  Import took 0.017181 seconds .

========================================================================
Received Import Request.
  Time since last request: 0.008466 seconds.
  path: Assets/Prefabs/Beep (1).prefab
  artifactKey: Guid(47e7d995159e0bd4d83ea457612d38b8) Importer(815301076,1909f56bfc062723c751e8b465ee728b)
Start importing Assets/Prefabs/Beep (1).prefab using Guid(47e7d995159e0bd4d83ea457612d38b8) Importer(815301076,1909f56bfc062723c751e8b465ee728b)  -> (artifact id: '4ab79af31d9f2618afb6ea120b726654') in 0.011134 seconds
  Import took 0.014331 seconds .

========================================================================
Received Import Request.
  Time since last request: 5.246813 seconds.
  path: Assets/Prefabs/Beep (2).prefab
  artifactKey: Guid(45d2299b9d05abd4d97760b1c2e856f3) Importer(815301076,1909f56bfc062723c751e8b465ee728b)
Start importing Assets/Prefabs/Beep (2).prefab using Guid(45d2299b9d05abd4d97760b1c2e856f3) Importer(815301076,1909f56bfc062723c751e8b465ee728b)  -> (artifact id: '140cce4bad4192e707b633cdb8216787') in 0.020818 seconds
  Import took 0.023951 seconds .

========================================================================
Received Prepare
Registering precompiled user dll's ...
Registered in 0.000714 seconds.
Begin MonoManager ReloadAssembly
Native extension for WindowsStandalone target not found
Refreshing native plugins compatible for Editor in 0.18 ms, found 0 plugins.
Preloading 0 native plugins for Editor in 0.00 ms.
Mono: successfully reloaded assembly
- Completed reload, in  0.607 seconds
Platform modules already initialized, skipping
Refreshing native plugins compatible for Editor in 0.17 ms, found 0 plugins.
Preloading 0 native plugins for Editor in 0.00 ms.
Unloading 1110 Unused Serialized files (Serialized files now loaded: 0)
System memory in use before: 60.2 MB.
System memory in use after: 60.3 MB.

Unloading 6 unused Assets to reduce memory usage. Loaded Objects now: 1574.
Total: 1.200000 ms (FindLiveObjects: 0.093300 ms CreateObjectMapping: 0.025700 ms MarkObjects: 1.045900 ms  DeleteObjects: 0.034400 ms)

========================================================================
Received Prepare
Registering precompiled user dll's ...
Registered in 0.000735 seconds.
Begin MonoManager ReloadAssembly
Native extension for WindowsStandalone target not found
Refreshing native plugins compatible for Editor in 0.18 ms, found 0 plugins.
Preloading 0 native plugins for Editor in 0.00 ms.
Mono: successfully reloaded assembly
- Completed reload, in  0.606 seconds
Platform modules already initialized, skipping
Refreshing native plugins compatible for Editor in 0.17 ms, found 0 plugins.
Preloading 0 native plugins for Editor in 0.00 ms.
Unloading 1110 Unused Serialized files (Serialized files now loaded: 0)
System memory in use before: 60.2 MB.
System memory in use after: 60.3 MB.

Unloading 5 unused Assets to reduce memory usage. Loaded Objects now: 1577.
Total: 1.206200 ms (FindLiveObjects: 0.090100 ms CreateObjectMapping: 0.025400 ms MarkObjects: 1.012500 ms  DeleteObjects: 0.077600 ms)

========================================================================
Received Prepare
Registering precompiled user dll's ...
Registered in 0.000713 seconds.
Begin MonoManager ReloadAssembly
Native extension for WindowsStandalone target not found
Refreshing native plugins compatible for Editor in 0.18 ms, found 0 plugins.
Preloading 0 native plugins for Editor in 0.00 ms.
Mono: successfully reloaded assembly
- Completed reload, in  0.620 seconds
Platform modules already initialized, skipping
Refreshing native plugins compatible for Editor in 0.18 ms, found 0 plugins.
Preloading 0 native plugins for Editor in 0.00 ms.
Unloading 1110 Unused Serialized files (Serialized files now loaded: 0)
System memory in use before: 60.3 MB.
System memory in use after: 60.4 MB.

Unloading 5 unused Assets to reduce memory usage. Loaded Objects now: 1580.
Total: 1.258500 ms (FindLiveObjects: 0.094400 ms CreateObjectMapping: 0.027300 ms MarkObjects: 1.101400 ms  DeleteObjects: 0.034700 ms)

AssetImportWorkerClient::OnTransportError - code=2 error=End of file
